<?xml version="1.0" encoding="UTF-8"?>
<!-- Generated by org.testng.reporters.JUnitReportReporter -->
<testsuite hostname="DESKTOP-0ERKDPK" failures="0" tests="1" name="shrabike.audi" time="7.034" errors="0" timestamp="2024-02-22T19:10:37 IST" skipped="0">
  <testcase classname="shrabike.audi" name="audii" time="7.034"/>
  <system-out/>
</testsuite> <!-- shrabike.audi -->
