<?xml version="1.0" encoding="UTF-8"?>
<!-- Generated by org.testng.reporters.JUnitReportReporter -->
<testsuite hostname="DESKTOP-0ERKDPK" failures="0" tests="1" name="PageObjectModel.testExcel" time="0.000" errors="0" timestamp="2023-12-21T11:26:24 IST" skipped="1">
  <testcase classname="PageObjectModel.testExcel" name="testCase" time="0.000">
    <skipped/>
  </testcase> <!-- testCase -->
  <system-out/>
</testsuite> <!-- PageObjectModel.testExcel -->
