<?xml version="1.0" encoding="UTF-8"?>
<!-- Generated by org.testng.reporters.JUnitReportReporter -->
<testsuite hostname="DESKTOP-0ERKDPK" failures="0" tests="1" name="shraCar.gt2" time="20.827" errors="0" timestamp="2024-04-02T17:13:26 IST" skipped="0">
  <testcase classname="shraCar.gt2" name="R15V3" time="20.827"/>
  <system-out/>
</testsuite> <!-- shraCar.gt2 -->
