<?xml version="1.0" encoding="UTF-8"?>
<!-- Generated by org.testng.reporters.JUnitReportReporter -->
<testsuite hostname="DESKTOP-0ERKDPK" failures="0" tests="4" name="Selenium1.threadPoolSize" time="43.256" errors="0" timestamp="2024-04-02T13:22:44 IST" skipped="0">
  <testcase classname="Selenium1.threadPoolSize" name="login" time="11.654"/>
  <system-out/>
  <testcase classname="Selenium1.threadPoolSize" name="login" time="12.853"/>
  <system-out/>
  <testcase classname="Selenium1.threadPoolSize" name="login" time="11.719"/>
  <system-out/>
  <testcase classname="Selenium1.threadPoolSize" name="register" time="7.030"/>
  <system-out/>
</testsuite> <!-- Selenium1.threadPoolSize -->
