<?xml version="1.0" encoding="UTF-8"?>
<!-- Generated by org.testng.reporters.JUnitReportReporter -->
<testsuite hostname="DESKTOP-0ERKDPK" failures="0" tests="6" name="excell.DataDrivenTestingByWORKBOOKFACTORY" time="0.040" errors="0" timestamp="2023-12-15T15:30:36 IST" skipped="0">
  <testcase classname="excell.DataDrivenTestingByWORKBOOKFACTORY" name="m1" time="0.006"/>
  <system-out/>
  <testcase classname="excell.DataDrivenTestingByWORKBOOKFACTORY" name="m1" time="0.003"/>
  <system-out/>
  <testcase classname="excell.DataDrivenTestingByWORKBOOKFACTORY" name="m1" time="0.014"/>
  <system-out/>
  <testcase classname="excell.DataDrivenTestingByWORKBOOKFACTORY" name="m1" time="0.010"/>
  <system-out/>
  <testcase classname="excell.DataDrivenTestingByWORKBOOKFACTORY" name="m1" time="0.003"/>
  <system-out/>
  <testcase classname="excell.DataDrivenTestingByWORKBOOKFACTORY" name="m1" time="0.004"/>
  <system-out/>
</testsuite> <!-- excell.DataDrivenTestingByWORKBOOKFACTORY -->
