<?xml version="1.0" encoding="UTF-8"?>
<!-- Generated by org.testng.reporters.JUnitReportReporter -->
<testsuite hostname="DESKTOP-0ERKDPK" failures="0" tests="5" name="Selenium1.invocation" time="48.615" errors="0" timestamp="2024-04-02T13:21:07 IST" skipped="0">
  <testcase classname="Selenium1.invocation" name="logout" time="7.296"/>
  <system-out/>
  <testcase classname="Selenium1.invocation" name="login" time="15.660"/>
  <system-out/>
  <testcase classname="Selenium1.invocation" name="login" time="10.084"/>
  <system-out/>
  <testcase classname="Selenium1.invocation" name="login" time="7.288"/>
  <system-out/>
  <testcase classname="Selenium1.invocation" name="register" time="8.287"/>
  <system-out/>
</testsuite> <!-- Selenium1.invocation -->
