<?xml version="1.0" encoding="UTF-8"?>
<!-- Generated by org.testng.reporters.JUnitReportReporter -->
<testsuite hostname="DESKTOP-0ERKDPK" failures="0" tests="2" name="excell.DataDrivenTesting" time="0.017" errors="0" timestamp="2024-01-16T10:22:00 IST" skipped="0">
  <testcase classname="excell.DataDrivenTesting" name="m1" time="0.015"/>
  <system-out/>
  <testcase classname="excell.DataDrivenTesting" name="m1" time="0.002"/>
  <system-out/>
</testsuite> <!-- excell.DataDrivenTesting -->
