<?xml version="1.0" encoding="UTF-8"?>
<!-- Generated by org.testng.reporters.JUnitReportReporter -->
<testsuite hostname="DESKTOP-0ERKDPK" failures="0" tests="1" name="car.testcase4" time="9.700" errors="0" timestamp="2024-02-23T15:45:52 IST" skipped="0">
  <testcase classname="car.testcase4" name="audi" time="9.700"/>
  <system-out/>
</testsuite> <!-- car.testcase4 -->
