<?xml version="1.0" encoding="UTF-8"?>
<!-- Generated by org.testng.reporters.JUnitReportReporter -->
<testsuite hostname="DESKTOP-0ERKDPK" failures="0" tests="5" name="excell.dataDrivenTestingworkbookNegelctfirstROW" time="0.046" errors="0" timestamp="2023-12-17T12:45:41 IST" skipped="0">
  <testcase classname="excell.dataDrivenTestingworkbookNegelctfirstROW" name="m1" time="0.007"/>
  <system-out/>
  <testcase classname="excell.dataDrivenTestingworkbookNegelctfirstROW" name="m1" time="0.008"/>
  <system-out/>
  <testcase classname="excell.dataDrivenTestingworkbookNegelctfirstROW" name="m1" time="0.011"/>
  <system-out/>
  <testcase classname="excell.dataDrivenTestingworkbookNegelctfirstROW" name="m1" time="0.014"/>
  <system-out/>
  <testcase classname="excell.dataDrivenTestingworkbookNegelctfirstROW" name="m1" time="0.006"/>
  <system-out/>
</testsuite> <!-- excell.dataDrivenTestingworkbookNegelctfirstROW -->
