<?xml version="1.0" encoding="UTF-8"?>
<!-- Generated by org.testng.reporters.JUnitReportReporter -->
<testsuite hostname="DESKTOP-0ERKDPK" failures="0" tests="1" name="bike.testcase2" time="4.745" errors="0" timestamp="2024-02-23T15:33:17 IST" skipped="0">
  <testcase classname="bike.testcase2" name="Kawasaki" time="4.745"/>
  <system-out/>
</testsuite> <!-- bike.testcase2 -->
