<?xml version="1.0" encoding="UTF-8"?>
<!-- Generated by org.testng.reporters.JUnitReportReporter -->
<testsuite hostname="DESKTOP-0ERKDPK" failures="0" tests="1" name="practice.testclass" time="11.404" errors="0" timestamp="2024-01-17T10:12:28 IST" skipped="0">
  <testcase classname="practice.testclass" name="tescase1" time="11.404"/>
  <system-out>
testcase is executing  </system-out>
</testsuite> <!-- practice.testclass -->
