<?xml version="1.0" encoding="UTF-8"?>
<!-- Generated by org.testng.reporters.JUnitReportReporter -->
<testsuite hostname="DESKTOP-0ERKDPK" failures="0" tests="1" name="Selenium1.neww" time="0.032" errors="0" timestamp="2023-12-12T14:37:37 IST" skipped="0">
  <testcase classname="Selenium1.neww" name="m1" time="0.032"/>
  <system-out>
pass  </system-out>
</testsuite> <!-- Selenium1.neww -->
