<?xml version="1.0" encoding="UTF-8"?>
<!-- Generated by org.testng.reporters.JUnitReportReporter -->
<testsuite hostname="DESKTOP-0ERKDPK" failures="0" tests="1" name="Assertion.Assert1" time="11.969" errors="0" timestamp="2024-01-17T10:12:59 IST" skipped="0">
  <testcase classname="Assertion.Assert1" name="testcase" time="11.969"/>
  <system-out>
testcase Completed  </system-out>
</testsuite> <!-- Assertion.Assert1 -->
