<?xml version="1.0" encoding="UTF-8"?>
<!-- Generated by org.testng.reporters.JUnitReportReporter -->
<testsuite hostname="DESKTOP-0ERKDPK" failures="0" tests="1" name="PageObjectModel.testt" time="12.615" errors="0" timestamp="2023-12-18T20:15:31 IST" skipped="0">
  <testcase classname="PageObjectModel.testt" name="testCase" time="12.615"/>
  <system-out/>
</testsuite> <!-- PageObjectModel.testt -->
