<?xml version="1.0" encoding="UTF-8"?>
<!-- Generated by org.testng.reporters.JUnitReportReporter -->
<testsuite hostname="DESKTOP-0ERKDPK" failures="0" tests="1" name="shraCar.gt1" time="19.031" errors="0" timestamp="2024-04-02T17:13:26 IST" skipped="0">
  <testcase classname="shraCar.gt1" name="continentalGT" time="19.031"/>
  <system-out/>
</testsuite> <!-- shraCar.gt1 -->
