<?xml version="1.0" encoding="UTF-8"?>
<!-- Generated by org.testng.reporters.JUnitReportReporter -->
<testsuite hostname="DESKTOP-0ERKDPK" failures="0" tests="3" name="Selenium1.program1" time="0.032" errors="0" timestamp="2024-01-14T16:09:42 IST" skipped="0">
  <testcase classname="Selenium1.program1" name="register" time="0.028"/>
  <system-out>
pass-1  </system-out>
  <testcase classname="Selenium1.program1" name="login" time="0.002"/>
  <system-out>
pass  </system-out>
  <testcase classname="Selenium1.program1" name="logout" time="0.002"/>
  <system-out>
pass-2  </system-out>
</testsuite> <!-- Selenium1.program1 -->
