<?xml version="1.0" encoding="UTF-8"?>
<!-- Generated by org.testng.reporters.JUnitReportReporter -->
<testsuite hostname="DESKTOP-0ERKDPK" failures="0" tests="1" name="excell.assignment1" time="0.000" errors="0" timestamp="2023-12-17T12:53:05 IST" skipped="1">
  <testcase classname="excell.assignment1" name="m1" time="0.000">
    <skipped/>
  </testcase> <!-- m1 -->
  <system-out/>
</testsuite> <!-- excell.assignment1 -->
