<?xml version="1.0" encoding="UTF-8"?>
<!-- Generated by org.testng.reporters.JUnitReportReporter -->
<testsuite hostname="DESKTOP-0ERKDPK" failures="0" tests="1" name="bike.timeout" time="7.187" errors="0" timestamp="2023-12-18T13:54:29 IST" skipped="0">
  <testcase classname="bike.timeout" name="open" time="7.187"/>
  <system-out/>
</testsuite> <!-- bike.timeout -->
