<?xml version="1.0" encoding="UTF-8"?>
<!-- Generated by org.testng.reporters.JUnitReportReporter -->
<testsuite hostname="DESKTOP-0ERKDPK" failures="0" tests="3" name="Selenium1.enabled" time="40.155" errors="0" timestamp="2023-12-12T15:54:53 IST" skipped="1">
  <testcase classname="Selenium1.enabled" name="logout" time="17.790"/>
  <system-out/>
  <testcase classname="Selenium1.enabled" name="register" time="22.365"/>
  <system-out/>
  <testcase classname="Selenium1.enabled" name="login">
    <skipped/>
  </testcase> <!-- login -->
  <system-out/>
</testsuite> <!-- Selenium1.enabled -->
