<?xml version="1.0" encoding="UTF-8"?>
<!-- Generated by org.testng.reporters.JUnitReportReporter -->
<testsuite hostname="DESKTOP-0ERKDPK" failures="0" tests="2" name="practice.dataproviderAnnotationEXCEL" time="33.017" errors="0" timestamp="2024-01-17T19:16:31 IST" skipped="0">
  <testcase classname="practice.dataproviderAnnotationEXCEL" name="tc" time="15.033"/>
  <system-out/>
  <testcase classname="practice.dataproviderAnnotationEXCEL" name="tc" time="17.984"/>
  <system-out/>
</testsuite> <!-- practice.dataproviderAnnotationEXCEL -->
