<?xml version="1.0" encoding="UTF-8"?>
<!-- Generated by org.testng.reporters.JUnitReportReporter -->
<testsuite hostname="DESKTOP-0ERKDPK" failures="0" tests="2" name="practice.dataproviderAnnotation" time="25.083" errors="0" timestamp="2024-01-17T18:49:08 IST" skipped="0">
  <testcase classname="practice.dataproviderAnnotation" name="login" time="13.225"/>
  <system-out/>
  <testcase classname="practice.dataproviderAnnotation" name="login" time="11.858"/>
  <system-out/>
</testsuite> <!-- practice.dataproviderAnnotation -->
