<?xml version="1.0" encoding="UTF-8"?>
<!-- Generated by org.testng.reporters.JUnitReportReporter -->
<testsuite hostname="DESKTOP-0ERKDPK" failures="0" tests="1" name="car.testcase6" time="22.611" errors="0" timestamp="2023-12-13T14:44:25 IST" skipped="0">
  <testcase classname="car.testcase6" name="mustang" time="22.611"/>
  <system-out/>
</testsuite> <!-- car.testcase6 -->
