<?xml version="1.0" encoding="UTF-8"?>
<!-- Generated by org.testng.reporters.JUnitReportReporter -->
<testsuite hostname="DESKTOP-0ERKDPK" failures="0" tests="2" name="practice.crossbrowsingTest" time="7.561" errors="0" timestamp="2024-01-17T16:52:51 IST" skipped="0">
  <testcase classname="practice.crossbrowsingTest" name="TC" time="5.498"/>
  <system-out/>
  <testcase classname="practice.crossbrowsingTest" name="TC" time="2.063"/>
  <system-out/>
</testsuite> <!-- practice.crossbrowsingTest -->
