<?xml version="1.0" encoding="UTF-8"?>
<!-- Generated by org.testng.reporters.JUnitReportReporter -->
<testsuite hostname="DESKTOP-0ERKDPK" failures="0" tests="1" name="bike.testcase3" time="11.262" errors="0" timestamp="2024-02-23T15:45:52 IST" skipped="0">
  <testcase classname="bike.testcase3" name="Yamaha" time="11.262"/>
  <system-out/>
</testsuite> <!-- bike.testcase3 -->
