<?xml version="1.0" encoding="UTF-8"?>
<!-- Generated by org.testng.reporters.JUnitReportReporter -->
<testsuite hostname="DESKTOP-0ERKDPK" failures="0" tests="2" name="practice.pra" time="0.016" errors="0" timestamp="2024-01-16T10:29:03 IST" skipped="0">
  <testcase classname="practice.pra" name="m1" time="0.012"/>
  <system-out/>
  <testcase classname="practice.pra" name="m1" time="0.004"/>
  <system-out/>
</testsuite> <!-- practice.pra -->
