<?xml version="1.0" encoding="UTF-8"?>
<!-- Generated by org.testng.reporters.JUnitReportReporter -->
<testsuite hostname="DESKTOP-0ERKDPK" failures="0" tests="1" name="PageObjectModel.test" time="13.087" errors="0" timestamp="2024-01-18T15:20:37 IST" skipped="0">
  <testcase classname="PageObjectModel.test" name="testCase" time="13.087"/>
  <system-out/>
</testsuite> <!-- PageObjectModel.test -->
