<?xml version="1.0" encoding="UTF-8"?>
<!-- Generated by org.testng.reporters.JUnitReportReporter -->
<testsuite hostname="DESKTOP-0ERKDPK" failures="0" tests="1" name="practice.parameterAnnotation" time="15.086" errors="0" timestamp="2024-01-17T18:07:58 IST" skipped="0">
  <testcase classname="practice.parameterAnnotation" name="lohin" time="15.086"/>
  <system-out/>
</testsuite> <!-- practice.parameterAnnotation -->
