<?xml version="1.0" encoding="UTF-8"?>
<!-- Generated by org.testng.reporters.JUnitReportReporter -->
<testsuite hostname="DESKTOP-0ERKDPK" failures="0" tests="1" name="practice.ataproviderAnnotationEXCEL" time="0.000" errors="0" timestamp="2024-01-17T19:05:32 IST" skipped="1">
  <testcase classname="practice.ataproviderAnnotationEXCEL" name="tc" time="0.000">
    <skipped/>
  </testcase> <!-- tc -->
  <system-out/>
</testsuite> <!-- practice.ataproviderAnnotationEXCEL -->
