<?xml version="1.0" encoding="UTF-8"?>
<!-- Generated by org.testng.reporters.JUnitReportReporter -->
<testsuite hostname="DESKTOP-0ERKDPK" failures="0" tests="1" name="Assertion.Assert2" time="7.303" errors="0" timestamp="2023-12-19T22:22:12 IST" skipped="0">
  <testcase classname="Assertion.Assert2" name="testcase" time="7.303"/>
  <system-out>
testcase completed  </system-out>
</testsuite> <!-- Assertion.Assert2 -->
