<?xml version="1.0" encoding="UTF-8"?>
<!-- Generated by org.testng.reporters.JUnitReportReporter -->
<testsuite hostname="DESKTOP-0ERKDPK" failures="0" tests="1" name="car.testcase5" time="30.554" errors="0" timestamp="2024-02-23T15:33:17 IST" skipped="0">
  <testcase classname="car.testcase5" name="dodge" time="30.554"/>
  <system-out/>
</testsuite> <!-- car.testcase5 -->
